mode: set
passwordmanager/internal/config/config.go:22.30,37.2 2 1
passwordmanager/internal/config/config.go:39.45,48.2 1 1
passwordmanager/internal/handler/middlewares/jwt.go:13.81,14.46 1 1
passwordmanager/internal/handler/middlewares/jwt.go:14.46,15.72 1 1
passwordmanager/internal/handler/middlewares/jwt.go:15.72,18.20 2 1
passwordmanager/internal/handler/middlewares/jwt.go:18.20,21.5 2 1
passwordmanager/internal/handler/middlewares/jwt.go:23.4,23.45 1 1
passwordmanager/internal/handler/middlewares/jwt.go:23.45,26.5 2 1
passwordmanager/internal/handler/middlewares/jwt.go:28.4,31.18 3 1
passwordmanager/internal/handler/middlewares/jwt.go:31.18,34.5 2 1
passwordmanager/internal/handler/middlewares/jwt.go:36.4,37.18 2 1
passwordmanager/internal/handler/middlewares/jwt.go:37.18,40.5 2 1
passwordmanager/internal/handler/middlewares/jwt.go:42.4,47.41 2 1
passwordmanager/internal/handler/middlewares/jwt.go:52.59,55.2 2 1
passwordmanager/internal/repository/auth.go:11.64,15.2 1 1
passwordmanager/internal/repository/auth.go:23.9,34.2 2 1
passwordmanager/internal/repository/auth.go:39.18,55.16 3 1
passwordmanager/internal/repository/auth.go:55.16,57.3 1 1
passwordmanager/internal/repository/auth.go:59.2,59.18 1 1
passwordmanager/internal/repository/postgres.go:13.64,15.16 2 0
passwordmanager/internal/repository/postgres.go:15.16,17.3 1 0
passwordmanager/internal/repository/postgres.go:19.2,19.39 1 0
passwordmanager/internal/repository/postgres.go:19.39,22.3 2 0
passwordmanager/internal/repository/postgres.go:24.2,26.8 1 0
passwordmanager/internal/repository/postgres.go:29.30,30.19 1 1
passwordmanager/internal/repository/postgres.go:30.19,32.3 1 0
passwordmanager/internal/repository/vault.go:12.66,16.2 1 1
passwordmanager/internal/repository/vault.go:20.92,40.16 3 1
passwordmanager/internal/repository/vault.go:40.16,42.3 1 0
passwordmanager/internal/repository/vault.go:44.2,44.16 1 1
passwordmanager/internal/repository/vault.go:47.100,76.16 3 1
passwordmanager/internal/repository/vault.go:76.16,78.3 1 1
passwordmanager/internal/repository/vault.go:80.2,80.18 1 1
passwordmanager/internal/repository/vault.go:83.94,99.16 2 1
passwordmanager/internal/repository/vault.go:99.16,101.3 1 1
passwordmanager/internal/repository/vault.go:102.2,106.18 3 1
passwordmanager/internal/repository/vault.go:106.18,118.17 3 1
passwordmanager/internal/repository/vault.go:118.17,120.4 1 0
passwordmanager/internal/repository/vault.go:122.3,122.30 1 1
passwordmanager/internal/repository/vault.go:125.2,125.26 1 1
passwordmanager/internal/repository/vault.go:128.111,129.35 1 1
passwordmanager/internal/repository/vault.go:129.35,145.17 2 1
passwordmanager/internal/repository/vault.go:145.17,147.4 1 1
passwordmanager/internal/repository/vault.go:150.2,150.12 1 1
passwordmanager/internal/repository/vault.go:153.101,163.16 2 1
passwordmanager/internal/repository/vault.go:163.16,165.3 1 1
passwordmanager/internal/repository/vault.go:166.2,170.18 3 1
passwordmanager/internal/repository/vault.go:170.18,174.49 3 1
passwordmanager/internal/repository/vault.go:174.49,176.4 1 0
passwordmanager/internal/repository/vault.go:178.3,178.24 1 1
passwordmanager/internal/repository/vault.go:181.2,181.35 1 1
passwordmanager/internal/repository/vault.go:181.35,183.3 1 0
passwordmanager/internal/repository/vault.go:185.2,185.22 1 1
passwordmanager/internal/handler/auth.go:25.76,29.2 1 1
passwordmanager/internal/handler/auth.go:31.48,32.38 1 1
passwordmanager/internal/handler/auth.go:32.38,35.3 2 1
passwordmanager/internal/handler/auth.go:38.69,42.16 3 1
passwordmanager/internal/handler/auth.go:42.16,45.3 2 1
passwordmanager/internal/handler/auth.go:47.2,48.16 2 1
passwordmanager/internal/handler/auth.go:48.16,51.3 2 1
passwordmanager/internal/handler/auth.go:53.2,57.4 2 1
passwordmanager/internal/handler/auth.go:61.72,65.16 3 1
passwordmanager/internal/handler/auth.go:65.16,68.3 2 1
passwordmanager/internal/handler/auth.go:70.2,72.16 2 1
passwordmanager/internal/handler/auth.go:72.16,75.3 2 1
passwordmanager/internal/handler/auth.go:77.2,77.35 1 1
passwordmanager/internal/handler/handler.go:17.55,22.2 1 1
passwordmanager/internal/handler/handler.go:24.44,27.2 2 1
passwordmanager/internal/handler/vault.go:22.60,27.2 1 1
passwordmanager/internal/handler/vault.go:29.49,30.29 1 1
passwordmanager/internal/handler/vault.go:30.29,33.40 2 1
passwordmanager/internal/handler/vault.go:33.40,37.4 3 1
passwordmanager/internal/handler/vault.go:41.71,45.16 3 1
passwordmanager/internal/handler/vault.go:45.16,48.3 2 0
passwordmanager/internal/handler/vault.go:50.2,52.9 2 1
passwordmanager/internal/handler/vault.go:52.9,55.3 2 0
passwordmanager/internal/handler/vault.go:57.2,66.16 3 1
passwordmanager/internal/handler/vault.go:66.16,69.3 2 0
passwordmanager/internal/handler/vault.go:71.2,73.31 3 1
passwordmanager/internal/handler/vault.go:76.68,80.16 3 1
passwordmanager/internal/handler/vault.go:80.16,83.3 2 1
passwordmanager/internal/handler/vault.go:85.2,87.9 2 1
passwordmanager/internal/handler/vault.go:87.9,90.3 2 0
passwordmanager/internal/handler/vault.go:92.2,94.16 2 1
passwordmanager/internal/handler/vault.go:94.16,97.3 2 1
passwordmanager/internal/handler/vault.go:99.2,101.34 3 1
passwordmanager/internal/handler/vault.go:104.69,107.9 2 1
passwordmanager/internal/handler/vault.go:107.9,110.3 2 0
passwordmanager/internal/handler/vault.go:112.2,114.16 2 1
passwordmanager/internal/handler/vault.go:114.16,117.3 2 1
passwordmanager/internal/handler/vault.go:119.2,121.35 3 1
passwordmanager/internal/repository/migrator/postgres.go:16.20,28.16 3 0
passwordmanager/internal/repository/migrator/postgres.go:28.16,30.3 1 0
passwordmanager/internal/repository/migrator/postgres.go:32.2,32.34 1 0
passwordmanager/internal/repository/migrator/postgres.go:32.34,35.3 2 0
passwordmanager/internal/repository/migrator/postgres.go:37.2,37.16 1 0
passwordmanager/internal/service/auth.go:23.24,29.2 1 1
passwordmanager/internal/service/auth.go:31.90,33.16 2 1
passwordmanager/internal/service/auth.go:33.16,36.3 2 0
passwordmanager/internal/service/auth.go:37.2,38.16 2 1
passwordmanager/internal/service/auth.go:38.16,41.3 2 0
passwordmanager/internal/service/auth.go:42.2,42.12 1 1
passwordmanager/internal/service/auth.go:45.97,47.16 2 1
passwordmanager/internal/service/auth.go:47.16,50.3 2 1
passwordmanager/internal/service/auth.go:51.2,55.16 2 1
passwordmanager/internal/service/auth.go:55.16,58.3 2 1
passwordmanager/internal/service/auth.go:59.2,60.16 2 1
passwordmanager/internal/service/auth.go:60.16,63.3 2 0
passwordmanager/internal/service/auth.go:64.2,64.17 1 1
passwordmanager/internal/service/jwt.go:16.59,20.2 1 1
passwordmanager/internal/service/jwt.go:27.77,28.19 1 1
passwordmanager/internal/service/jwt.go:28.19,30.3 1 1
passwordmanager/internal/service/jwt.go:31.2,40.37 3 1
passwordmanager/internal/service/jwt.go:43.67,49.35 2 1
passwordmanager/internal/service/jwt.go:49.35,50.55 1 1
passwordmanager/internal/service/jwt.go:50.55,52.5 1 0
passwordmanager/internal/service/jwt.go:54.4,54.24 1 1
passwordmanager/internal/service/jwt.go:58.2,58.16 1 1
passwordmanager/internal/service/jwt.go:58.16,60.3 1 1
passwordmanager/internal/service/jwt.go:62.2,62.18 1 1
passwordmanager/internal/service/jwt.go:62.18,64.3 1 0
passwordmanager/internal/service/jwt.go:66.2,66.20 1 1
passwordmanager/internal/service/vault.go:28.25,33.2 1 1
passwordmanager/internal/service/vault.go:57.100,58.19 1 1
passwordmanager/internal/service/vault.go:59.23,62.17 3 1
passwordmanager/internal/service/vault.go:62.17,64.4 1 1
passwordmanager/internal/service/vault.go:66.3,66.41 1 1
passwordmanager/internal/service/vault.go:66.41,68.4 1 1
passwordmanager/internal/service/vault.go:70.26,73.17 3 1
passwordmanager/internal/service/vault.go:73.17,75.4 1 0
passwordmanager/internal/service/vault.go:77.3,77.41 1 1
passwordmanager/internal/service/vault.go:77.41,79.4 1 0
passwordmanager/internal/service/vault.go:81.22,84.17 3 1
passwordmanager/internal/service/vault.go:84.17,86.4 1 0
passwordmanager/internal/service/vault.go:88.3,88.41 1 1
passwordmanager/internal/service/vault.go:88.41,90.4 1 0
passwordmanager/internal/service/vault.go:91.24,95.17 3 1
passwordmanager/internal/service/vault.go:95.17,97.4 1 0
passwordmanager/internal/service/vault.go:99.3,99.41 1 1
passwordmanager/internal/service/vault.go:99.41,101.4 1 0
passwordmanager/internal/service/vault.go:103.10,104.50 1 1
passwordmanager/internal/service/vault.go:107.2,116.16 3 1
passwordmanager/internal/service/vault.go:116.16,118.3 1 1
passwordmanager/internal/service/vault.go:120.2,122.23 2 1
passwordmanager/internal/service/vault.go:125.47,126.41 1 1
passwordmanager/internal/service/vault.go:126.41,128.3 1 1
passwordmanager/internal/service/vault.go:129.2,129.12 1 1
passwordmanager/internal/service/vault.go:132.42,133.89 1 1
passwordmanager/internal/service/vault.go:133.89,135.3 1 1
passwordmanager/internal/service/vault.go:136.2,136.12 1 1
passwordmanager/internal/service/vault.go:139.38,140.19 1 1
passwordmanager/internal/service/vault.go:140.19,142.3 1 1
passwordmanager/internal/service/vault.go:143.2,143.12 1 1
passwordmanager/internal/service/vault.go:146.38,147.40 1 1
passwordmanager/internal/service/vault.go:147.40,149.3 1 1
passwordmanager/internal/service/vault.go:150.2,150.12 1 1
passwordmanager/internal/service/vault.go:153.102,155.16 2 1
passwordmanager/internal/service/vault.go:155.16,157.3 1 1
passwordmanager/internal/service/vault.go:159.2,160.16 2 1
passwordmanager/internal/service/vault.go:160.16,162.3 1 1
passwordmanager/internal/service/vault.go:164.2,174.20 2 1
passwordmanager/internal/service/vault.go:177.97,179.16 2 1
passwordmanager/internal/service/vault.go:179.16,181.3 1 1
passwordmanager/internal/service/vault.go:183.2,185.31 2 1
passwordmanager/internal/service/vault.go:185.31,187.17 2 1
passwordmanager/internal/service/vault.go:187.17,189.4 1 1
passwordmanager/internal/service/vault.go:190.3,198.5 1 1
passwordmanager/internal/service/vault.go:201.2,201.20 1 1
