mode: set
passwordmanager/internal/config/config.go:22.30,37.2 2 1
passwordmanager/internal/config/config.go:39.45,48.2 1 1
passwordmanager/internal/repository/auth.go:11.64,15.2 1 1
passwordmanager/internal/repository/auth.go:23.9,34.2 2 1
passwordmanager/internal/repository/auth.go:39.18,55.16 3 1
passwordmanager/internal/repository/auth.go:55.16,57.3 1 1
passwordmanager/internal/repository/auth.go:59.2,59.18 1 1
passwordmanager/internal/repository/postgres.go:13.64,15.16 2 0
passwordmanager/internal/repository/postgres.go:15.16,17.3 1 0
passwordmanager/internal/repository/postgres.go:19.2,19.39 1 0
passwordmanager/internal/repository/postgres.go:19.39,22.3 2 0
passwordmanager/internal/repository/postgres.go:24.2,26.8 1 0
passwordmanager/internal/repository/postgres.go:29.30,30.19 1 1
passwordmanager/internal/repository/postgres.go:30.19,32.3 1 0
passwordmanager/internal/repository/vault.go:12.66,16.2 1 1
passwordmanager/internal/repository/vault.go:20.92,40.16 3 1
passwordmanager/internal/repository/vault.go:40.16,42.3 1 0
passwordmanager/internal/repository/vault.go:44.2,44.16 1 1
passwordmanager/internal/repository/vault.go:47.100,76.16 3 1
passwordmanager/internal/repository/vault.go:76.16,78.3 1 1
passwordmanager/internal/repository/vault.go:80.2,80.18 1 1
passwordmanager/internal/repository/vault.go:83.94,99.16 2 1
passwordmanager/internal/repository/vault.go:99.16,101.3 1 1
passwordmanager/internal/repository/vault.go:102.2,106.18 3 1
passwordmanager/internal/repository/vault.go:106.18,118.17 3 1
passwordmanager/internal/repository/vault.go:118.17,120.4 1 0
passwordmanager/internal/repository/vault.go:122.3,122.30 1 1
passwordmanager/internal/repository/vault.go:125.2,125.26 1 1
passwordmanager/internal/repository/vault.go:128.111,129.35 1 1
passwordmanager/internal/repository/vault.go:129.35,145.17 2 1
passwordmanager/internal/repository/vault.go:145.17,147.4 1 1
passwordmanager/internal/repository/vault.go:150.2,150.12 1 1
passwordmanager/internal/repository/vault.go:153.101,163.16 2 1
passwordmanager/internal/repository/vault.go:163.16,165.3 1 1
passwordmanager/internal/repository/vault.go:166.2,170.18 3 1
passwordmanager/internal/repository/vault.go:170.18,174.49 3 1
passwordmanager/internal/repository/vault.go:174.49,176.4 1 0
passwordmanager/internal/repository/vault.go:178.3,178.24 1 1
passwordmanager/internal/repository/vault.go:181.2,181.35 1 1
passwordmanager/internal/repository/vault.go:181.35,183.3 1 0
passwordmanager/internal/repository/vault.go:185.2,185.22 1 1
passwordmanager/internal/handler/middlewares/jwt.go:15.81,16.46 1 1
passwordmanager/internal/handler/middlewares/jwt.go:16.46,17.72 1 1
passwordmanager/internal/handler/middlewares/jwt.go:17.72,20.20 2 1
passwordmanager/internal/handler/middlewares/jwt.go:20.20,23.5 2 1
passwordmanager/internal/handler/middlewares/jwt.go:25.4,25.45 1 1
passwordmanager/internal/handler/middlewares/jwt.go:25.45,28.5 2 1
passwordmanager/internal/handler/middlewares/jwt.go:30.4,33.18 3 1
passwordmanager/internal/handler/middlewares/jwt.go:33.18,36.5 2 1
passwordmanager/internal/handler/middlewares/jwt.go:38.4,39.18 2 1
passwordmanager/internal/handler/middlewares/jwt.go:39.18,42.5 2 1
passwordmanager/internal/handler/middlewares/jwt.go:44.4,49.41 2 1
passwordmanager/internal/handler/middlewares/jwt.go:54.59,57.2 2 1
passwordmanager/internal/handler/middlewares/jwt.go:59.78,61.2 1 0
passwordmanager/internal/handler/auth.go:29.16,34.2 1 1
passwordmanager/internal/handler/auth.go:36.48,37.38 1 1
passwordmanager/internal/handler/auth.go:37.38,40.3 2 1
passwordmanager/internal/handler/auth.go:43.69,47.16 3 1
passwordmanager/internal/handler/auth.go:47.16,50.3 2 1
passwordmanager/internal/handler/auth.go:52.2,53.16 2 1
passwordmanager/internal/handler/auth.go:53.16,57.3 3 1
passwordmanager/internal/handler/auth.go:59.2,63.4 2 1
passwordmanager/internal/handler/auth.go:67.72,71.16 3 1
passwordmanager/internal/handler/auth.go:71.16,74.3 2 1
passwordmanager/internal/handler/auth.go:76.2,78.16 2 1
passwordmanager/internal/handler/auth.go:78.16,82.3 3 1
passwordmanager/internal/handler/auth.go:84.2,84.35 1 1
passwordmanager/internal/handler/handler.go:19.55,24.2 1 1
passwordmanager/internal/handler/handler.go:26.44,29.2 2 1
passwordmanager/internal/handler/vault.go:25.60,31.2 1 1
passwordmanager/internal/handler/vault.go:33.49,34.29 1 1
passwordmanager/internal/handler/vault.go:34.29,37.40 2 1
passwordmanager/internal/handler/vault.go:37.40,41.4 3 1
passwordmanager/internal/handler/vault.go:45.71,49.16 3 1
passwordmanager/internal/handler/vault.go:49.16,52.3 2 0
passwordmanager/internal/handler/vault.go:54.2,56.9 2 1
passwordmanager/internal/handler/vault.go:56.9,59.3 2 0
passwordmanager/internal/handler/vault.go:61.2,70.16 3 1
passwordmanager/internal/handler/vault.go:70.16,74.3 3 0
passwordmanager/internal/handler/vault.go:76.2,78.31 3 1
passwordmanager/internal/handler/vault.go:81.68,85.16 3 1
passwordmanager/internal/handler/vault.go:85.16,88.3 2 1
passwordmanager/internal/handler/vault.go:90.2,92.9 2 1
passwordmanager/internal/handler/vault.go:92.9,95.3 2 0
passwordmanager/internal/handler/vault.go:97.2,99.16 2 1
passwordmanager/internal/handler/vault.go:99.16,103.3 3 1
passwordmanager/internal/handler/vault.go:105.2,107.34 3 1
passwordmanager/internal/handler/vault.go:110.69,113.9 2 1
passwordmanager/internal/handler/vault.go:113.9,116.3 2 0
passwordmanager/internal/handler/vault.go:118.2,120.16 2 1
passwordmanager/internal/handler/vault.go:120.16,124.3 3 1
passwordmanager/internal/handler/vault.go:126.2,128.35 3 1
passwordmanager/internal/repository/migrator/postgres.go:16.20,28.16 3 0
passwordmanager/internal/repository/migrator/postgres.go:28.16,30.3 1 0
passwordmanager/internal/repository/migrator/postgres.go:32.2,32.34 1 0
passwordmanager/internal/repository/migrator/postgres.go:32.34,35.3 2 0
passwordmanager/internal/repository/migrator/postgres.go:37.2,37.16 1 0
passwordmanager/internal/service/auth.go:23.24,29.2 1 1
passwordmanager/internal/service/auth.go:31.90,33.16 2 1
passwordmanager/internal/service/auth.go:33.16,36.3 2 0
passwordmanager/internal/service/auth.go:37.2,38.16 2 1
passwordmanager/internal/service/auth.go:38.16,41.3 2 0
passwordmanager/internal/service/auth.go:42.2,42.12 1 1
passwordmanager/internal/service/auth.go:45.97,47.16 2 1
passwordmanager/internal/service/auth.go:47.16,50.3 2 1
passwordmanager/internal/service/auth.go:51.2,55.16 2 1
passwordmanager/internal/service/auth.go:55.16,58.3 2 1
passwordmanager/internal/service/auth.go:59.2,60.16 2 1
passwordmanager/internal/service/auth.go:60.16,63.3 2 0
passwordmanager/internal/service/auth.go:64.2,64.17 1 1
passwordmanager/internal/service/jwt.go:16.59,20.2 1 1
passwordmanager/internal/service/jwt.go:27.77,28.19 1 1
passwordmanager/internal/service/jwt.go:28.19,30.3 1 1
passwordmanager/internal/service/jwt.go:31.2,40.37 3 1
passwordmanager/internal/service/jwt.go:43.67,49.35 2 1
passwordmanager/internal/service/jwt.go:49.35,50.55 1 1
passwordmanager/internal/service/jwt.go:50.55,52.5 1 0
passwordmanager/internal/service/jwt.go:54.4,54.24 1 1
passwordmanager/internal/service/jwt.go:58.2,58.16 1 1
passwordmanager/internal/service/jwt.go:58.16,60.3 1 1
passwordmanager/internal/service/jwt.go:62.2,62.18 1 1
passwordmanager/internal/service/jwt.go:62.18,64.3 1 0
passwordmanager/internal/service/jwt.go:66.2,66.20 1 1
passwordmanager/internal/service/vault.go:28.25,33.2 1 1
passwordmanager/internal/service/vault.go:57.100,58.19 1 1
passwordmanager/internal/service/vault.go:59.23,62.17 3 1
passwordmanager/internal/service/vault.go:62.17,64.4 1 1
passwordmanager/internal/service/vault.go:66.3,66.41 1 1
passwordmanager/internal/service/vault.go:66.41,68.4 1 1
passwordmanager/internal/service/vault.go:70.26,73.17 3 1
passwordmanager/internal/service/vault.go:73.17,75.4 1 0
passwordmanager/internal/service/vault.go:77.3,77.41 1 1
passwordmanager/internal/service/vault.go:77.41,79.4 1 0
passwordmanager/internal/service/vault.go:81.22,84.17 3 1
passwordmanager/internal/service/vault.go:84.17,86.4 1 0
passwordmanager/internal/service/vault.go:88.3,88.41 1 1
passwordmanager/internal/service/vault.go:88.41,90.4 1 0
passwordmanager/internal/service/vault.go:91.24,95.17 3 1
passwordmanager/internal/service/vault.go:95.17,97.4 1 0
passwordmanager/internal/service/vault.go:99.3,99.41 1 1
passwordmanager/internal/service/vault.go:99.41,101.4 1 0
passwordmanager/internal/service/vault.go:103.10,104.50 1 1
passwordmanager/internal/service/vault.go:107.2,116.16 3 1
passwordmanager/internal/service/vault.go:116.16,118.3 1 1
passwordmanager/internal/service/vault.go:120.2,122.23 2 1
passwordmanager/internal/service/vault.go:125.47,126.41 1 1
passwordmanager/internal/service/vault.go:126.41,128.3 1 1
passwordmanager/internal/service/vault.go:129.2,129.12 1 1
passwordmanager/internal/service/vault.go:132.42,133.89 1 1
passwordmanager/internal/service/vault.go:133.89,135.3 1 1
passwordmanager/internal/service/vault.go:136.2,136.12 1 1
passwordmanager/internal/service/vault.go:139.38,140.19 1 1
passwordmanager/internal/service/vault.go:140.19,142.3 1 1
passwordmanager/internal/service/vault.go:143.2,143.12 1 1
passwordmanager/internal/service/vault.go:146.38,147.40 1 1
passwordmanager/internal/service/vault.go:147.40,149.3 1 1
passwordmanager/internal/service/vault.go:150.2,150.12 1 1
passwordmanager/internal/service/vault.go:153.102,155.16 2 1
passwordmanager/internal/service/vault.go:155.16,157.3 1 1
passwordmanager/internal/service/vault.go:159.2,160.16 2 1
passwordmanager/internal/service/vault.go:160.16,162.3 1 1
passwordmanager/internal/service/vault.go:164.2,174.20 2 1
passwordmanager/internal/service/vault.go:177.97,179.16 2 1
passwordmanager/internal/service/vault.go:179.16,181.3 1 1
passwordmanager/internal/service/vault.go:183.2,185.31 2 1
passwordmanager/internal/service/vault.go:185.31,187.17 2 1
passwordmanager/internal/service/vault.go:187.17,189.4 1 1
passwordmanager/internal/service/vault.go:190.3,198.5 1 1
passwordmanager/internal/service/vault.go:201.2,201.20 1 1
